# JRE version: OpenJDK Runtime Environment (11.0.8+10) (build 11.0.8+10-b944.6842174)
# Java VM: OpenJDK 64-Bit Server VM (11.0.8+10-b944.6842174, mixed mode, tiered, compressed oops, g1 gc, windows-amd64)
Heap:
 garbage-first heap   total 901120K, used 157771K [0x0000000080000000, 0x0000000100000000)
  region size 1024K, 6 young (6144K), 6 survivors (6144K)
 Metaspace       used 97032K, capacity 99589K, committed 99660K, reserved 1134592K
  class space    used 12639K, capacity 13587K, committed 13644K, reserved 1048576K
GC Heap History (20 events):
Event: 38.177 GC heap after
{Heap after GC invocations=37 (full 0):
 garbage-first heap   total 187392K, used 112234K [0x0000000080000000, 0x0000000100000000)
  region size 1024K, 6 young (6144K), 6 survivors (6144K)
 Metaspace       used 90397K, capacity 92699K, committed 92876K, reserved 1130496K
  class space    used 11670K, capacity 12475K, committed 12492K, reserved 1048576K
}
Event: 38.333 GC heap before
{Heap before GC invocations=37 (full 0):
 garbage-first heap   total 187392K, used 146026K [0x0000000080000000, 0x0000000100000000)
  region size 1024K, 39 young (39936K), 6 survivors (6144K)
 Metaspace       used 90467K, capacity 92763K, committed 92876K, reserved 1130496K
  class space    used 11677K, capacity 12475K, committed 12492K, reserved 1048576K
}
Event: 38.350 GC heap after
{Heap after GC invocations=38 (full 0):
 garbage-first heap   total 187392K, used 119797K [0x0000000080000000, 0x0000000100000000)
  region size 1024K, 5 young (5120K), 5 survivors (5120K)
 Metaspace       used 90467K, capacity 92763K, committed 92876K, reserved 1130496K
  class space    used 11677K, capacity 12475K, committed 12492K, reserved 1048576K
}
Event: 38.508 GC heap before
{Heap before GC invocations=39 (full 0):
 garbage-first heap   total 187392K, used 148469K [0x0000000080000000, 0x0000000100000000)
  region size 1024K, 34 young (34816K), 5 survivors (5120K)
 Metaspace       used 91275K, capacity 93553K, committed 93772K, reserved 1130496K
  class space    used 11785K, capacity 12586K, committed 12620K, reserved 1048576K
}
Event: 38.580 GC heap after
{Heap after GC invocations=40 (full 0):
 garbage-first heap   total 242688K, used 126508K [0x0000000080000000, 0x0000000100000000)
  region size 1024K, 5 young (5120K), 5 survivors (5120K)
 Metaspace       used 91275K, capacity 93553K, committed 93772K, reserved 1130496K
  class space    used 11785K, capacity 12586K, committed 12620K, reserved 1048576K
}
Event: 38.641 GC heap before
{Heap before GC invocations=40 (full 0):
 garbage-first heap   total 242688K, used 132652K [0x0000000080000000, 0x0000000100000000)
  region size 1024K, 11 young (11264K), 5 survivors (5120K)
 Metaspace       used 91301K, capacity 93555K, committed 93772K, reserved 1130496K
  class space    used 11785K, capacity 12586K, committed 12620K, reserved 1048576K
}
Event: 38.653 GC heap after
{Heap after GC invocations=41 (full 0):
 garbage-first heap   total 242688K, used 129178K [0x0000000080000000, 0x0000000100000000)
  region size 1024K, 2 young (2048K), 2 survivors (2048K)
 Metaspace       used 91301K, capacity 93555K, committed 93772K, reserved 1130496K
  class space    used 11785K, capacity 12586K, committed 12620K, reserved 1048576K
}
Event: 38.889 GC heap before
{Heap before GC invocations=41 (full 0):
 garbage-first heap   total 242688K, used 174234K [0x0000000080000000, 0x0000000100000000)
  region size 1024K, 46 young (47104K), 2 survivors (2048K)
 Metaspace       used 91731K, capacity 94005K, committed 94156K, reserved 1130496K
  class space    used 11839K, capacity 12650K, committed 12748K, reserved 1048576K
}
Event: 38.904 GC heap after
{Heap after GC invocations=42 (full 0):
 garbage-first heap   total 242688K, used 136852K [0x0000000080000000, 0x0000000100000000)
  region size 1024K, 6 young (6144K), 6 survivors (6144K)
 Metaspace       used 91731K, capacity 94005K, committed 94156K, reserved 1130496K
  class space    used 11839K, capacity 12650K, committed 12748K, reserved 1048576K
}
Event: 39.052 GC heap before
{Heap before GC invocations=42 (full 0):
 garbage-first heap   total 242688K, used 180884K [0x0000000080000000, 0x0000000100000000)
  region size 1024K, 49 young (50176K), 6 survivors (6144K)
 Metaspace       used 91913K, capacity 94231K, committed 94412K, reserved 1130496K
  class space    used 11868K, capacity 12682K, committed 12748K, reserved 1048576K
}
Event: 39.071 GC heap after
{Heap after GC invocations=43 (full 0):
 garbage-first heap   total 242688K, used 145113K [0x0000000080000000, 0x0000000100000000)
  region size 1024K, 7 young (7168K), 7 survivors (7168K)
 Metaspace       used 91913K, capacity 94231K, committed 94412K, reserved 1130496K
  class space    used 11868K, capacity 12682K, committed 12748K, reserved 1048576K
}
Event: 39.321 GC heap before
{Heap before GC invocations=44 (full 0):
 garbage-first heap   total 242688K, used 186073K [0x0000000080000000, 0x0000000100000000)
  region size 1024K, 48 young (49152K), 7 survivors (7168K)
 Metaspace       used 93497K, capacity 95869K, committed 96076K, reserved 1132544K
  class space    used 12136K, capacity 13005K, committed 13132K, reserved 1048576K
}
Event: 39.489 GC heap after
{Heap after GC invocations=45 (full 0):
 garbage-first heap   total 450560K, used 151855K [0x0000000080000000, 0x0000000100000000)
  region size 1024K, 6 young (6144K), 6 survivors (6144K)
 Metaspace       used 93497K, capacity 95869K, committed 96076K, reserved 1132544K
  class space    used 12136K, capacity 13005K, committed 13132K, reserved 1048576K
}
Event: 39.798 GC heap before
{Heap before GC invocations=45 (full 0):
 garbage-first heap   total 450560K, used 168239K [0x0000000080000000, 0x0000000100000000)
  region size 1024K, 22 young (22528K), 6 survivors (6144K)
 Metaspace       used 95546K, capacity 98105K, committed 98252K, reserved 1134592K
  class space    used 12491K, capacity 13417K, committed 13516K, reserved 1048576K
}
Event: 39.830 GC heap after
{Heap after GC invocations=46 (full 0):
 garbage-first heap   total 450560K, used 152602K [0x0000000080000000, 0x0000000100000000)
  region size 1024K, 1 young (1024K), 1 survivors (1024K)
 Metaspace       used 95546K, capacity 98105K, committed 98252K, reserved 1134592K
  class space    used 12491K, capacity 13417K, committed 13516K, reserved 1048576K
}
Event: 41.047 GC heap before
{Heap before GC invocations=46 (full 0):
 garbage-first heap   total 450560K, used 261146K [0x0000000080000000, 0x0000000100000000)
  region size 1024K, 108 young (110592K), 1 survivors (1024K)
 Metaspace       used 96657K, capacity 99182K, committed 99404K, reserved 1134592K
  class space    used 12602K, capacity 13536K, committed 13644K, reserved 1048576K
}
Event: 41.090 GC heap after
{Heap after GC invocations=47 (full 0):
 garbage-first heap   total 450560K, used 154843K [0x0000000080000000, 0x0000000100000000)
  region size 1024K, 4 young (4096K), 4 survivors (4096K)
 Metaspace       used 96657K, capacity 99182K, committed 99404K, reserved 1134592K
  class space    used 12602K, capacity 13536K, committed 13644K, reserved 1048576K
}
Event: 41.708 GC heap before
{Heap before GC invocations=47 (full 0):
 garbage-first heap   total 450560K, used 284891K [0x0000000080000000, 0x0000000100000000)
  region size 1024K, 132 young (135168K), 4 survivors (4096K)
 Metaspace       used 96852K, capacity 99423K, committed 99660K, reserved 1134592K
  class space    used 12617K, capacity 13573K, committed 13644K, reserved 1048576K
}
Event: 41.750 GC heap after
{Heap after GC invocations=48 (full 0):
 garbage-first heap   total 450560K, used 156261K [0x0000000080000000, 0x0000000100000000)
  region size 1024K, 5 young (5120K), 5 survivors (5120K)
 Metaspace       used 96852K, capacity 99423K, committed 99660K, reserved 1134592K
  class space    used 12617K, capacity 13573K, committed 13644K, reserved 1048576K
}
Event: 42.334 GC heap before
{Heap before GC invocations=48 (full 0):
 garbage-first heap   total 450560K, used 348773K [0x0000000080000000, 0x0000000100000000)
  region size 1024K, 193 young (197632K), 5 survivors (5120K)
 Metaspace       used 97032K, capacity 99589K, committed 99660K, reserved 1134592K
  class space    used 12639K, capacity 13587K, committed 13644K, reserved 1048576K
}

