# JRE version: OpenJDK Runtime Environment (11.0.8+10) (build 11.0.8+10-b944.6842174)
# Java VM: OpenJDK 64-Bit Server VM (11.0.8+10-b944.6842174, mixed mode, tiered, compressed oops, g1 gc, windows-amd64)
Heap:
 garbage-first heap   total 520192K, used 138572K [0x0000000080000000, 0x0000000100000000)
  region size 1024K, 2 young (2048K), 2 survivors (2048K)
 Metaspace       used 85871K, capacity 88141K, committed 88396K, reserved 1126400K
  class space    used 11259K, capacity 12061K, committed 12108K, reserved 1048576K
GC Heap History (20 events):
Event: 38.552 GC heap after
{Heap after GC invocations=28 (full 0):
 garbage-first heap   total 129024K, used 86124K [0x0000000080000000, 0x0000000100000000)
  region size 1024K, 4 young (4096K), 4 survivors (4096K)
 Metaspace       used 78967K, capacity 81020K, committed 81228K, reserved 1120256K
  class space    used 10291K, capacity 11003K, committed 11084K, reserved 1048576K
}
Event: 38.756 GC heap before
{Heap before GC invocations=28 (full 0):
 garbage-first heap   total 129024K, used 104556K [0x0000000080000000, 0x0000000100000000)
  region size 1024K, 23 young (23552K), 4 survivors (4096K)
 Metaspace       used 79658K, capacity 81879K, committed 82124K, reserved 1120256K
  class space    used 10403K, capacity 11147K, committed 11212K, reserved 1048576K
}
Event: 38.773 GC heap after
{Heap after GC invocations=29 (full 0):
 garbage-first heap   total 129024K, used 88942K [0x0000000080000000, 0x0000000100000000)
  region size 1024K, 3 young (3072K), 3 survivors (3072K)
 Metaspace       used 79658K, capacity 81879K, committed 82124K, reserved 1120256K
  class space    used 10403K, capacity 11147K, committed 11212K, reserved 1048576K
}
Event: 38.996 GC heap before
{Heap before GC invocations=30 (full 0):
 garbage-first heap   total 129024K, used 105326K [0x0000000080000000, 0x0000000100000000)
  region size 1024K, 20 young (20480K), 3 survivors (3072K)
 Metaspace       used 80495K, capacity 82661K, committed 83020K, reserved 1120256K
  class space    used 10499K, capacity 11236K, committed 11340K, reserved 1048576K
}
Event: 39.032 GC heap after
{Heap after GC invocations=31 (full 0):
 garbage-first heap   total 155648K, used 92241K [0x0000000080000000, 0x0000000100000000)
  region size 1024K, 3 young (3072K), 3 survivors (3072K)
 Metaspace       used 80495K, capacity 82661K, committed 83020K, reserved 1120256K
  class space    used 10499K, capacity 11236K, committed 11340K, reserved 1048576K
}
Event: 39.178 GC heap before
{Heap before GC invocations=31 (full 0):
 garbage-first heap   total 155648K, used 118865K [0x0000000080000000, 0x0000000100000000)
  region size 1024K, 29 young (29696K), 3 survivors (3072K)
 Metaspace       used 80945K, capacity 83134K, committed 83276K, reserved 1122304K
  class space    used 10552K, capacity 11283K, committed 11340K, reserved 1048576K
}
Event: 39.197 GC heap after
{Heap after GC invocations=32 (full 0):
 garbage-first heap   total 155648K, used 97961K [0x0000000080000000, 0x0000000100000000)
  region size 1024K, 4 young (4096K), 4 survivors (4096K)
 Metaspace       used 80945K, capacity 83134K, committed 83276K, reserved 1122304K
  class space    used 10552K, capacity 11283K, committed 11340K, reserved 1048576K
}
Event: 39.379 GC heap before
{Heap before GC invocations=32 (full 0):
 garbage-first heap   total 155648K, used 122537K [0x0000000080000000, 0x0000000100000000)
  region size 1024K, 28 young (28672K), 4 survivors (4096K)
 Metaspace       used 81260K, capacity 83324K, committed 83916K, reserved 1122304K
  class space    used 10572K, capacity 11276K, committed 11468K, reserved 1048576K
}
Event: 39.394 GC heap after
{Heap after GC invocations=33 (full 0):
 garbage-first heap   total 155648K, used 103206K [0x0000000080000000, 0x0000000100000000)
  region size 1024K, 4 young (4096K), 4 survivors (4096K)
 Metaspace       used 81260K, capacity 83324K, committed 83916K, reserved 1122304K
  class space    used 10572K, capacity 11276K, committed 11468K, reserved 1048576K
}
Event: 39.498 GC heap before
{Heap before GC invocations=34 (full 0):
 garbage-first heap   total 155648K, used 123686K [0x0000000080000000, 0x0000000100000000)
  region size 1024K, 25 young (25600K), 4 survivors (4096K)
 Metaspace       used 81616K, capacity 83676K, committed 84172K, reserved 1122304K
  class space    used 10602K, capacity 11308K, committed 11468K, reserved 1048576K
}
Event: 39.519 GC heap after
{Heap after GC invocations=35 (full 0):
 garbage-first heap   total 155648K, used 108329K [0x0000000080000000, 0x0000000100000000)
  region size 1024K, 4 young (4096K), 4 survivors (4096K)
 Metaspace       used 81616K, capacity 83676K, committed 84172K, reserved 1122304K
  class space    used 10602K, capacity 11308K, committed 11468K, reserved 1048576K
}
Event: 39.605 GC heap before
{Heap before GC invocations=35 (full 0):
 garbage-first heap   total 155648K, used 127785K [0x0000000080000000, 0x0000000100000000)
  region size 1024K, 23 young (23552K), 4 survivors (4096K)
 Metaspace       used 81909K, capacity 83998K, committed 84556K, reserved 1122304K
  class space    used 10649K, capacity 11372K, committed 11596K, reserved 1048576K
}
Event: 39.662 GC heap after
{Heap after GC invocations=36 (full 0):
 garbage-first heap   total 228352K, used 112873K [0x0000000080000000, 0x0000000100000000)
  region size 1024K, 3 young (3072K), 3 survivors (3072K)
 Metaspace       used 81909K, capacity 83998K, committed 84556K, reserved 1122304K
  class space    used 10649K, capacity 11372K, committed 11596K, reserved 1048576K
}
Event: 39.949 GC heap before
{Heap before GC invocations=36 (full 0):
 garbage-first heap   total 228352K, used 153833K [0x0000000080000000, 0x0000000100000000)
  region size 1024K, 44 young (45056K), 3 survivors (3072K)
 Metaspace       used 82593K, capacity 84678K, committed 85068K, reserved 1122304K
  class space    used 10719K, capacity 11435K, committed 11596K, reserved 1048576K
}
Event: 39.996 GC heap after
{Heap after GC invocations=37 (full 0):
 garbage-first heap   total 228352K, used 120551K [0x0000000080000000, 0x0000000100000000)
  region size 1024K, 6 young (6144K), 6 survivors (6144K)
 Metaspace       used 82593K, capacity 84678K, committed 85068K, reserved 1122304K
  class space    used 10719K, capacity 11435K, committed 11596K, reserved 1048576K
}
Event: 40.117 GC heap before
{Heap before GC invocations=37 (full 0):
 garbage-first heap   total 228352K, used 162535K [0x0000000080000000, 0x0000000100000000)
  region size 1024K, 47 young (48128K), 6 survivors (6144K)
 Metaspace       used 82759K, capacity 84850K, committed 85324K, reserved 1122304K
  class space    used 10745K, capacity 11471K, committed 11596K, reserved 1048576K
}
Event: 40.149 GC heap after
{Heap after GC invocations=38 (full 0):
 garbage-first heap   total 228352K, used 128550K [0x0000000080000000, 0x0000000100000000)
  region size 1024K, 6 young (6144K), 6 survivors (6144K)
 Metaspace       used 82759K, capacity 84850K, committed 85324K, reserved 1122304K
  class space    used 10745K, capacity 11471K, committed 11596K, reserved 1048576K
}
Event: 40.270 GC heap before
{Heap before GC invocations=39 (full 0):
 garbage-first heap   total 228352K, used 169510K [0x0000000080000000, 0x0000000100000000)
  region size 1024K, 46 young (47104K), 6 survivors (6144K)
 Metaspace       used 83050K, capacity 85172K, committed 85708K, reserved 1124352K
  class space    used 10800K, capacity 11535K, committed 11724K, reserved 1048576K
}
Event: 40.286 GC heap after
{Heap after GC invocations=40 (full 0):
 garbage-first heap   total 228352K, used 136010K [0x0000000080000000, 0x0000000100000000)
  region size 1024K, 6 young (6144K), 6 survivors (6144K)
 Metaspace       used 83050K, capacity 85172K, committed 85708K, reserved 1124352K
  class space    used 10800K, capacity 11535K, committed 11724K, reserved 1048576K
}
Event: 40.876 GC heap before
{Heap before GC invocations=40 (full 0):
 garbage-first heap   total 228352K, used 174922K [0x0000000080000000, 0x0000000100000000)
  region size 1024K, 44 young (45056K), 6 survivors (6144K)
 Metaspace       used 85871K, capacity 88141K, committed 88396K, reserved 1126400K
  class space    used 11259K, capacity 12061K, committed 12108K, reserved 1048576K
}

