# JRE version: OpenJDK Runtime Environment (11.0.8+10) (build 11.0.8+10-b944.6842174)
# Java VM: OpenJDK 64-Bit Server VM (11.0.8+10-b944.6842174, mixed mode, tiered, compressed oops, g1 gc, windows-amd64)
Heap:
 garbage-first heap   total 914432K, used 158313K [0x0000000080000000, 0x0000000100000000)
  region size 1024K, 11 young (11264K), 11 survivors (11264K)
 Metaspace       used 98681K, capacity 101371K, committed 101580K, reserved 1136640K
  class space    used 12793K, capacity 13770K, committed 13772K, reserved 1048576K
GC Heap History (20 events):
Event: 48.967 GC heap after
{Heap after GC invocations=47 (full 0):
 garbage-first heap   total 204800K, used 111616K [0x0000000080000000, 0x0000000100000000)
  region size 1024K, 6 young (6144K), 6 survivors (6144K)
 Metaspace       used 91716K, capacity 94045K, committed 94156K, reserved 1130496K
  class space    used 11830K, capacity 12665K, committed 12748K, reserved 1048576K
}
Event: 49.142 GC heap before
{Heap before GC invocations=47 (full 0):
 garbage-first heap   total 204800K, used 150528K [0x0000000080000000, 0x0000000100000000)
  region size 1024K, 44 young (45056K), 6 survivors (6144K)
 Metaspace       used 92424K, capacity 94772K, committed 94924K, reserved 1132544K
  class space    used 11905K, capacity 12735K, committed 12748K, reserved 1048576K
}
Event: 49.165 GC heap after
{Heap after GC invocations=48 (full 0):
 garbage-first heap   total 204800K, used 120171K [0x0000000080000000, 0x0000000100000000)
  region size 1024K, 6 young (6144K), 6 survivors (6144K)
 Metaspace       used 92424K, capacity 94772K, committed 94924K, reserved 1132544K
  class space    used 11905K, capacity 12735K, committed 12748K, reserved 1048576K
}
Event: 49.330 GC heap before
{Heap before GC invocations=49 (full 0):
 garbage-first heap   total 204800K, used 156011K [0x0000000080000000, 0x0000000100000000)
  region size 1024K, 41 young (41984K), 6 survivors (6144K)
 Metaspace       used 92622K, capacity 94989K, committed 95308K, reserved 1132544K
  class space    used 11934K, capacity 12776K, committed 12876K, reserved 1048576K
}
Event: 49.351 GC heap after
{Heap after GC invocations=50 (full 0):
 garbage-first heap   total 204800K, used 127881K [0x0000000080000000, 0x0000000100000000)
  region size 1024K, 6 young (6144K), 6 survivors (6144K)
 Metaspace       used 92622K, capacity 94989K, committed 95308K, reserved 1132544K
  class space    used 11934K, capacity 12776K, committed 12876K, reserved 1048576K
}
Event: 49.407 GC heap before
{Heap before GC invocations=50 (full 0):
 garbage-first heap   total 204800K, used 161673K [0x0000000080000000, 0x0000000100000000)
  region size 1024K, 39 young (39936K), 6 survivors (6144K)
 Metaspace       used 92731K, capacity 95092K, committed 95308K, reserved 1132544K
  class space    used 11948K, capacity 12810K, committed 12876K, reserved 1048576K
}
Event: 49.582 GC heap after
{Heap after GC invocations=51 (full 0):
 garbage-first heap   total 409600K, used 134684K [0x0000000080000000, 0x0000000100000000)
  region size 1024K, 5 young (5120K), 5 survivors (5120K)
 Metaspace       used 92731K, capacity 95092K, committed 95308K, reserved 1132544K
  class space    used 11948K, capacity 12810K, committed 12876K, reserved 1048576K
}
Event: 51.768 GC heap before
{Heap before GC invocations=52 (full 0):
 garbage-first heap   total 409600K, used 226844K [0x0000000080000000, 0x0000000100000000)
  region size 1024K, 96 young (98304K), 5 survivors (5120K)
 Metaspace       used 95999K, capacity 98580K, committed 98764K, reserved 1134592K
  class space    used 12526K, capacity 13468K, committed 13516K, reserved 1048576K
}
Event: 51.826 GC heap after
{Heap after GC invocations=53 (full 0):
 garbage-first heap   total 409600K, used 146791K [0x0000000080000000, 0x0000000100000000)
  region size 1024K, 12 young (12288K), 12 survivors (12288K)
 Metaspace       used 95999K, capacity 98580K, committed 98764K, reserved 1134592K
  class space    used 12526K, capacity 13468K, committed 13516K, reserved 1048576K
}
Event: 52.554 GC heap before
{Heap before GC invocations=53 (full 0):
 garbage-first heap   total 409600K, used 249191K [0x0000000080000000, 0x0000000100000000)
  region size 1024K, 112 young (114688K), 12 survivors (12288K)
 Metaspace       used 97686K, capacity 100337K, committed 100556K, reserved 1136640K
  class space    used 12713K, capacity 13684K, committed 13772K, reserved 1048576K
}
Event: 52.574 GC heap after
{Heap after GC invocations=54 (full 0):
 garbage-first heap   total 409600K, used 150764K [0x0000000080000000, 0x0000000100000000)
  region size 1024K, 4 young (4096K), 4 survivors (4096K)
 Metaspace       used 97686K, capacity 100337K, committed 100556K, reserved 1136640K
  class space    used 12713K, capacity 13684K, committed 13772K, reserved 1048576K
}
Event: 53.203 GC heap before
{Heap before GC invocations=54 (full 0):
 garbage-first heap   total 409600K, used 262380K [0x0000000080000000, 0x0000000100000000)
  region size 1024K, 114 young (116736K), 4 survivors (4096K)
 Metaspace       used 98012K, capacity 100653K, committed 100812K, reserved 1136640K
  class space    used 12750K, capacity 13725K, committed 13772K, reserved 1048576K
}
Event: 53.211 GC heap after
{Heap after GC invocations=55 (full 0):
 garbage-first heap   total 409600K, used 151640K [0x0000000080000000, 0x0000000100000000)
  region size 1024K, 5 young (5120K), 5 survivors (5120K)
 Metaspace       used 98012K, capacity 100653K, committed 100812K, reserved 1136640K
  class space    used 12750K, capacity 13725K, committed 13772K, reserved 1048576K
}
Event: 53.623 GC heap before
{Heap before GC invocations=55 (full 0):
 garbage-first heap   total 409600K, used 302168K [0x0000000080000000, 0x0000000100000000)
  region size 1024K, 153 young (156672K), 5 survivors (5120K)
 Metaspace       used 98049K, capacity 100659K, committed 100812K, reserved 1136640K
  class space    used 12757K, capacity 13727K, committed 13772K, reserved 1048576K
}
Event: 53.633 GC heap after
{Heap after GC invocations=56 (full 0):
 garbage-first heap   total 409600K, used 153577K [0x0000000080000000, 0x0000000100000000)
  region size 1024K, 6 young (6144K), 6 survivors (6144K)
 Metaspace       used 98049K, capacity 100659K, committed 100812K, reserved 1136640K
  class space    used 12757K, capacity 13727K, committed 13772K, reserved 1048576K
}
Event: 54.185 GC heap before
{Heap before GC invocations=56 (full 0):
 garbage-first heap   total 409600K, used 317417K [0x0000000080000000, 0x0000000100000000)
  region size 1024K, 166 young (169984K), 6 survivors (6144K)
 Metaspace       used 98157K, capacity 100787K, committed 101068K, reserved 1136640K
  class space    used 12759K, capacity 13727K, committed 13772K, reserved 1048576K
}
Event: 54.198 GC heap after
{Heap after GC invocations=57 (full 0):
 garbage-first heap   total 409600K, used 154730K [0x0000000080000000, 0x0000000100000000)
  region size 1024K, 8 young (8192K), 8 survivors (8192K)
 Metaspace       used 98157K, capacity 100787K, committed 101068K, reserved 1136640K
  class space    used 12759K, capacity 13727K, committed 13772K, reserved 1048576K
}
Event: 54.644 GC heap before
{Heap before GC invocations=57 (full 0):
 garbage-first heap   total 409600K, used 324714K [0x0000000080000000, 0x0000000100000000)
  region size 1024K, 174 young (178176K), 8 survivors (8192K)
 Metaspace       used 98320K, capacity 101003K, committed 101068K, reserved 1136640K
  class space    used 12783K, capacity 13757K, committed 13772K, reserved 1048576K
}
Event: 54.674 GC heap after
{Heap after GC invocations=58 (full 0):
 garbage-first heap   total 409600K, used 157441K [0x0000000080000000, 0x0000000100000000)
  region size 1024K, 10 young (10240K), 10 survivors (10240K)
 Metaspace       used 98320K, capacity 101003K, committed 101068K, reserved 1136640K
  class space    used 12783K, capacity 13757K, committed 13772K, reserved 1048576K
}
Event: 55.352 GC heap before
{Heap before GC invocations=58 (full 0):
 garbage-first heap   total 409600K, used 332545K [0x0000000080000000, 0x0000000100000000)
  region size 1024K, 182 young (186368K), 10 survivors (10240K)
 Metaspace       used 98681K, capacity 101371K, committed 101580K, reserved 1136640K
  class space    used 12793K, capacity 13770K, committed 13772K, reserved 1048576K
}

